<?xml version="1.0" encoding="UTF-8"?>
<testng-results skipped="0" failed="0" total="1" passed="1">
  <reporter-output>
  </reporter-output>
  <suite name="org.Maven.Practice.LoginTest" duration-ms="7433" started-at="2015-09-18T07:48:41Z" finished-at="2015-09-18T07:48:49Z">
    <groups>
    </groups>
    <test name="Command line test" duration-ms="7433" started-at="2015-09-18T07:48:41Z" finished-at="2015-09-18T07:48:49Z">
      <class name="org.Maven.Practice.LoginTest">
        <test-method status="PASS" signature="LoginFuntion()[pri:0, instance:org.Maven.Practice.LoginTest@dfd3711]" name="LoginFuntion" duration-ms="7410" started-at="2015-09-18T17:48:41Z" finished-at="2015-09-18T17:48:49Z">
          <reporter-output>
          </reporter-output>
        </test-method> <!-- LoginFuntion -->
      </class> <!-- org.Maven.Practice.LoginTest -->
    </test> <!-- Command line test -->
  </suite> <!-- org.Maven.Practice.LoginTest -->
</testng-results>
